Unable to capture context for thread 21816 in process 26748, can not generate back trace
Exception at PC 0x00007FFD3C75BB93
Printing stacktrace...

Exception at PC 0x00007FFE4190567C
Exception at PC 0x00007FFE4190567C
Exception at PC 0x00007FFE4190567C
Exception at PC 0x00007FFE4190567C
[0]  [0x00007FFD3C75BB93]
[1]  [0x00007FFD3C75BB93]
[2]  [0x00007FFD3C75B4A1]
[3]  [0x00007FFD3C75B3EF]
[4]  [0x00007FFD3C7419FE]
[5]  [0x00007FFD3C740ED1]
[6]  [0x00007FFD3C740D76]
[7]  [0x00007FFD3C6E79F6]
[8]  [0x00007FFD3C6D7AFB]
[9]  [0x00007FFD3C7FE90A]
[10]  [0x00007FFD3C819F87]
[11]  [0x00007FFD3C81A05F]
[12] (BaseThreadInitThunk+0x1d) [0x00007FFE4381257D]
[13] (RtlUserThreadStart+0x28) [0x00007FFE442CAA58]
Done
Exception at PC 0x00007FFE4190567C
Exception at PC 0x00007FFE4190567C
Exception at PC 0x00007FFE4190567C
Exception at PC 0x00007FFE4190567C
Exception at PC 0x00007FFE4190567C
Exception at PC 0x00007FFE4190567C
Exception at PC 0x00007FFE4190567C
Exception at PC 0x00007FFE4190567C
Exception at PC 0x00007FFE4190567C
Exception at PC 0x00007FFE4190567C
Exception at PC 0x00007FFE4190567C
Exception at PC 0x00007FFE4190567C
Exception at PC 0x00007FFE4190567C
Exception at PC 0x00007FFE4190567C
