Vivado Simulator 2016.4
Copyright 1986-1999, 2001-2016 Xilinx, Inc. All Rights Reserved.
Running: C:/Xilinx/Vivado/2016.4/bin/unwrapped/win64.o/xelab.exe -wto 47ba42f911d94864aed2f2f09f9b8d56 --debug typical --relax --mt 2 -L xil_defaultlib -L secureip --snapshot Top_behav xil_defaultlib.Top -log elaborate.log 
Using 2 slave threads.
Starting static elaboration
Completed static elaboration
Starting simulation data flow analysis
Completed simulation data flow analysis
Time Resolution for simulation is 1ps
Compiling package std.standard
Compiling package std.textio
Compiling package ieee.std_logic_1164
Compiling package ieee.std_logic_arith
Compiling package ieee.std_logic_unsigned
Compiling package ieee.numeric_std
Compiling architecture behavioral of entity xil_defaultlib.TimeDelay [timedelay_default]
Compiling architecture behavioral of entity xil_defaultlib.Traffic_signal [traffic_signal_default]
Compiling architecture behavioral of entity xil_defaultlib.Traffic_system_structural [traffic_system_structural_defaul...]
Compiling architecture behavioral of entity xil_defaultlib.Lcd_controller [lcd_controller_default]
Compiling architecture behavioral of entity xil_defaultlib.TriggerGen [triggergen_default]
Compiling architecture behavioral of entity xil_defaultlib.Counter [counter_default]
Compiling architecture behavioral of entity xil_defaultlib.BuzzerCtrl [buzzerctrl_default]
Compiling architecture behavioral of entity xil_defaultlib.BuzzTimeCounter [buzztimecounter_default]
Compiling architecture behavioral of entity xil_defaultlib.HCRS04 [hcrs04_default]
Compiling architecture behavioral of entity xil_defaultlib.OR_Gate [or_gate_default]
Compiling architecture behavioral of entity xil_defaultlib.Top_UltrasonicSensors [top_ultrasonicsensors_default]
Compiling architecture structural of entity xil_defaultlib.top
Built simulation snapshot Top_behav
